0 info it worked if it ends with ok
1 verbose cli [ '/usr/local/Cellar/node/6.2.2/bin/node',
1 verbose cli   '/usr/local/bin/npm',
1 verbose cli   'install',
1 verbose cli   '--save',
1 verbose cli   'memcpy' ]
2 info using npm@3.9.5
3 info using node@v6.2.2
4 silly loadCurrentTree Starting
5 silly install loadCurrentTree
6 silly install readLocalPackageData
7 silly fetchPackageMetaData memcpy
8 silly fetchNamedPackageData memcpy
9 silly mapToRegistry name memcpy
10 silly mapToRegistry using default registry
11 silly mapToRegistry registry https://registry.npmjs.org/
12 silly mapToRegistry data Result {
12 silly mapToRegistry   raw: 'memcpy',
12 silly mapToRegistry   scope: null,
12 silly mapToRegistry   name: 'memcpy',
12 silly mapToRegistry   rawSpec: '',
12 silly mapToRegistry   spec: 'latest',
12 silly mapToRegistry   type: 'tag' }
13 silly mapToRegistry uri https://registry.npmjs.org/memcpy
14 verbose request uri https://registry.npmjs.org/memcpy
15 verbose request no auth needed
16 info attempt registry request try #1 at 11:18:49 PM
17 verbose request id e5d546e87d72de1b
18 verbose etag "9QEQQ4GPOUYS7KJAZ2T8679IM"
19 http request GET https://registry.npmjs.org/memcpy
20 http 304 https://registry.npmjs.org/memcpy
21 verbose headers { date: 'Sat, 16 Jul 2016 22:18:49 GMT',
21 verbose headers   via: '1.1 varnish',
21 verbose headers   'cache-control': 'max-age=300',
21 verbose headers   etag: '"9QEQQ4GPOUYS7KJAZ2T8679IM"',
21 verbose headers   age: '0',
21 verbose headers   connection: 'keep-alive',
21 verbose headers   'x-served-by': 'cache-lcy1130-LCY',
21 verbose headers   'x-cache': 'HIT',
21 verbose headers   'x-cache-hits': '1',
21 verbose headers   'x-timer': 'S1468707529.529483,VS0,VE180',
21 verbose headers   vary: 'Accept-Encoding' }
22 silly get cb [ 304,
22 silly get   { date: 'Sat, 16 Jul 2016 22:18:49 GMT',
22 silly get     via: '1.1 varnish',
22 silly get     'cache-control': 'max-age=300',
22 silly get     etag: '"9QEQQ4GPOUYS7KJAZ2T8679IM"',
22 silly get     age: '0',
22 silly get     connection: 'keep-alive',
22 silly get     'x-served-by': 'cache-lcy1130-LCY',
22 silly get     'x-cache': 'HIT',
22 silly get     'x-cache-hits': '1',
22 silly get     'x-timer': 'S1468707529.529483,VS0,VE180',
22 silly get     vary: 'Accept-Encoding' } ]
23 verbose etag https://registry.npmjs.org/memcpy from cache
24 verbose get saving memcpy to /Users/carlosbaraza/.npm/registry.npmjs.org/memcpy/.cache.json
25 verbose correctMkdir /Users/carlosbaraza/.npm correctMkdir not in flight; initializing
26 silly install normalizeTree
27 silly loadCurrentTree Finishing
28 silly loadIdealTree Starting
29 silly install loadIdealTree
30 silly cloneCurrentTree Starting
31 silly install cloneCurrentTreeToIdealTree
32 silly cloneCurrentTree Finishing
33 silly loadShrinkwrap Starting
34 silly install loadShrinkwrap
35 silly loadShrinkwrap Finishing
36 silly loadAllDepsIntoIdealTree Starting
37 silly install loadAllDepsIntoIdealTree
38 silly resolveWithNewModule memcpy@0.6.0 checking installable status
39 silly cache add args [ 'memcpy', null ]
40 verbose cache add spec memcpy
41 silly cache add parsed spec Result {
41 silly cache add   raw: 'memcpy',
41 silly cache add   scope: null,
41 silly cache add   name: 'memcpy',
41 silly cache add   rawSpec: '',
41 silly cache add   spec: 'latest',
41 silly cache add   type: 'tag' }
42 silly addNamed memcpy@latest
43 verbose addNamed "latest" is being treated as a dist-tag for memcpy
44 info addNameTag [ 'memcpy', 'latest' ]
45 silly mapToRegistry name memcpy
46 silly mapToRegistry using default registry
47 silly mapToRegistry registry https://registry.npmjs.org/
48 silly mapToRegistry data Result {
48 silly mapToRegistry   raw: 'memcpy',
48 silly mapToRegistry   scope: null,
48 silly mapToRegistry   name: 'memcpy',
48 silly mapToRegistry   rawSpec: '',
48 silly mapToRegistry   spec: 'latest',
48 silly mapToRegistry   type: 'tag' }
49 silly mapToRegistry uri https://registry.npmjs.org/memcpy
50 verbose addNameTag registry:https://registry.npmjs.org/memcpy not in flight; fetching
51 verbose get https://registry.npmjs.org/memcpy not expired, no request
52 silly addNameTag next cb for memcpy with tag latest
53 silly addNamed memcpy@0.6.0
54 verbose addNamed "0.6.0" is a plain semver version for memcpy
55 silly cache afterAdd memcpy@0.6.0
56 verbose afterAdd /Users/carlosbaraza/.npm/memcpy/0.6.0/package/package.json not in flight; writing
57 verbose correctMkdir /Users/carlosbaraza/.npm correctMkdir not in flight; initializing
58 verbose afterAdd /Users/carlosbaraza/.npm/memcpy/0.6.0/package/package.json written
59 silly fetchNamedPackageData bindings
60 silly mapToRegistry name bindings
61 silly mapToRegistry using default registry
62 silly mapToRegistry registry https://registry.npmjs.org/
63 silly mapToRegistry data Result {
63 silly mapToRegistry   raw: 'bindings',
63 silly mapToRegistry   scope: null,
63 silly mapToRegistry   name: 'bindings',
63 silly mapToRegistry   rawSpec: '',
63 silly mapToRegistry   spec: 'latest',
63 silly mapToRegistry   type: 'tag' }
64 silly mapToRegistry uri https://registry.npmjs.org/bindings
65 silly fetchNamedPackageData nan
66 silly mapToRegistry name nan
67 silly mapToRegistry using default registry
68 silly mapToRegistry registry https://registry.npmjs.org/
69 silly mapToRegistry data Result {
69 silly mapToRegistry   raw: 'nan',
69 silly mapToRegistry   scope: null,
69 silly mapToRegistry   name: 'nan',
69 silly mapToRegistry   rawSpec: '',
69 silly mapToRegistry   spec: 'latest',
69 silly mapToRegistry   type: 'tag' }
70 silly mapToRegistry uri https://registry.npmjs.org/nan
71 silly fetchNamedPackageData node-arraybuffer
72 silly mapToRegistry name node-arraybuffer
73 silly mapToRegistry using default registry
74 silly mapToRegistry registry https://registry.npmjs.org/
75 silly mapToRegistry data Result {
75 silly mapToRegistry   raw: 'node-arraybuffer',
75 silly mapToRegistry   scope: null,
75 silly mapToRegistry   name: 'node-arraybuffer',
75 silly mapToRegistry   rawSpec: '',
75 silly mapToRegistry   spec: 'latest',
75 silly mapToRegistry   type: 'tag' }
76 silly mapToRegistry uri https://registry.npmjs.org/node-arraybuffer
77 verbose request uri https://registry.npmjs.org/bindings
78 verbose request no auth needed
79 info attempt registry request try #1 at 11:18:49 PM
80 verbose etag "33TX4J3DNTGF7K41ZUV6OA182"
81 http request GET https://registry.npmjs.org/bindings
82 verbose request uri https://registry.npmjs.org/node-arraybuffer
83 verbose request no auth needed
84 info attempt registry request try #1 at 11:18:49 PM
85 verbose etag "65LHXV4P5ID5V08QTMGGJWAGX"
86 http request GET https://registry.npmjs.org/node-arraybuffer
87 verbose request uri https://registry.npmjs.org/nan
88 verbose request no auth needed
89 info attempt registry request try #1 at 11:18:49 PM
90 verbose etag "2POVJEDCD6LOO0Y53S1HJ4UMJ"
91 http request GET https://registry.npmjs.org/nan
92 http 304 https://registry.npmjs.org/bindings
93 verbose headers { date: 'Sat, 16 Jul 2016 22:18:49 GMT',
93 verbose headers   via: '1.1 varnish',
93 verbose headers   'cache-control': 'max-age=300',
93 verbose headers   etag: '"33TX4J3DNTGF7K41ZUV6OA182"',
93 verbose headers   age: '22',
93 verbose headers   connection: 'keep-alive',
93 verbose headers   'x-served-by': 'cache-lcy1130-LCY',
93 verbose headers   'x-cache': 'HIT',
93 verbose headers   'x-cache-hits': '1',
93 verbose headers   'x-timer': 'S1468707529.861988,VS0,VE0',
93 verbose headers   vary: 'Accept-Encoding' }
94 silly get cb [ 304,
94 silly get   { date: 'Sat, 16 Jul 2016 22:18:49 GMT',
94 silly get     via: '1.1 varnish',
94 silly get     'cache-control': 'max-age=300',
94 silly get     etag: '"33TX4J3DNTGF7K41ZUV6OA182"',
94 silly get     age: '22',
94 silly get     connection: 'keep-alive',
94 silly get     'x-served-by': 'cache-lcy1130-LCY',
94 silly get     'x-cache': 'HIT',
94 silly get     'x-cache-hits': '1',
94 silly get     'x-timer': 'S1468707529.861988,VS0,VE0',
94 silly get     vary: 'Accept-Encoding' } ]
95 verbose etag https://registry.npmjs.org/bindings from cache
96 verbose get saving bindings to /Users/carlosbaraza/.npm/registry.npmjs.org/bindings/.cache.json
97 verbose correctMkdir /Users/carlosbaraza/.npm correctMkdir not in flight; initializing
98 silly resolveWithNewModule bindings@1.1.1 checking installable status
99 silly cache add args [ 'bindings@~1.1', null ]
100 verbose cache add spec bindings@~1.1
101 silly cache add parsed spec Result {
101 silly cache add   raw: 'bindings@~1.1',
101 silly cache add   scope: null,
101 silly cache add   name: 'bindings',
101 silly cache add   rawSpec: '~1.1',
101 silly cache add   spec: '>=1.1.0 <1.2.0',
101 silly cache add   type: 'range' }
102 silly addNamed bindings@>=1.1.0 <1.2.0
103 verbose addNamed ">=1.1.0 <1.2.0" is a valid semver range for bindings
104 silly addNameRange { name: 'bindings', range: '>=1.1.0 <1.2.0', hasData: false }
105 silly mapToRegistry name bindings
106 silly mapToRegistry using default registry
107 silly mapToRegistry registry https://registry.npmjs.org/
108 silly mapToRegistry data Result {
108 silly mapToRegistry   raw: 'bindings',
108 silly mapToRegistry   scope: null,
108 silly mapToRegistry   name: 'bindings',
108 silly mapToRegistry   rawSpec: '',
108 silly mapToRegistry   spec: 'latest',
108 silly mapToRegistry   type: 'tag' }
109 silly mapToRegistry uri https://registry.npmjs.org/bindings
110 verbose addNameRange registry:https://registry.npmjs.org/bindings not in flight; fetching
111 verbose get https://registry.npmjs.org/bindings not expired, no request
112 silly addNameRange number 2 { name: 'bindings', range: '>=1.1.0 <1.2.0', hasData: true }
113 silly addNameRange versions [ 'bindings',
113 silly addNameRange   [ '0.0.1',
113 silly addNameRange     '0.1.0',
113 silly addNameRange     '0.1.1',
113 silly addNameRange     '0.2.0',
113 silly addNameRange     '0.2.1',
113 silly addNameRange     '0.2.2',
113 silly addNameRange     '0.2.3',
113 silly addNameRange     '0.2.4',
113 silly addNameRange     '0.3.0',
113 silly addNameRange     '0.4.0',
113 silly addNameRange     '1.0.0',
113 silly addNameRange     '1.1.0',
113 silly addNameRange     '1.1.1',
113 silly addNameRange     '1.2.0',
113 silly addNameRange     '1.2.1' ] ]
114 silly addNamed bindings@1.1.1
115 verbose addNamed "1.1.1" is a plain semver version for bindings
116 silly cache afterAdd bindings@1.1.1
117 verbose afterAdd /Users/carlosbaraza/.npm/bindings/1.1.1/package/package.json not in flight; writing
118 verbose correctMkdir /Users/carlosbaraza/.npm correctMkdir not in flight; initializing
119 verbose afterAdd /Users/carlosbaraza/.npm/bindings/1.1.1/package/package.json written
120 http 304 https://registry.npmjs.org/nan
121 verbose headers { date: 'Sat, 16 Jul 2016 22:18:49 GMT',
121 verbose headers   via: '1.1 varnish',
121 verbose headers   'cache-control': 'max-age=300',
121 verbose headers   etag: '"2POVJEDCD6LOO0Y53S1HJ4UMJ"',
121 verbose headers   age: '71',
121 verbose headers   connection: 'keep-alive',
121 verbose headers   'x-served-by': 'cache-lcy1128-LCY',
121 verbose headers   'x-cache': 'HIT',
121 verbose headers   'x-cache-hits': '1',
121 verbose headers   'x-timer': 'S1468707529.920252,VS0,VE0',
121 verbose headers   vary: 'Accept-Encoding' }
122 silly get cb [ 304,
122 silly get   { date: 'Sat, 16 Jul 2016 22:18:49 GMT',
122 silly get     via: '1.1 varnish',
122 silly get     'cache-control': 'max-age=300',
122 silly get     etag: '"2POVJEDCD6LOO0Y53S1HJ4UMJ"',
122 silly get     age: '71',
122 silly get     connection: 'keep-alive',
122 silly get     'x-served-by': 'cache-lcy1128-LCY',
122 silly get     'x-cache': 'HIT',
122 silly get     'x-cache-hits': '1',
122 silly get     'x-timer': 'S1468707529.920252,VS0,VE0',
122 silly get     vary: 'Accept-Encoding' } ]
123 verbose etag https://registry.npmjs.org/nan from cache
124 verbose get saving nan to /Users/carlosbaraza/.npm/registry.npmjs.org/nan/.cache.json
125 verbose correctMkdir /Users/carlosbaraza/.npm correctMkdir not in flight; initializing
126 silly resolveWithNewModule nan@1.2.0 checking installable status
127 silly cache add args [ 'nan@~1.2.0', null ]
128 verbose cache add spec nan@~1.2.0
129 silly cache add parsed spec Result {
129 silly cache add   raw: 'nan@~1.2.0',
129 silly cache add   scope: null,
129 silly cache add   name: 'nan',
129 silly cache add   rawSpec: '~1.2.0',
129 silly cache add   spec: '>=1.2.0 <1.3.0',
129 silly cache add   type: 'range' }
130 silly addNamed nan@>=1.2.0 <1.3.0
131 verbose addNamed ">=1.2.0 <1.3.0" is a valid semver range for nan
132 silly addNameRange { name: 'nan', range: '>=1.2.0 <1.3.0', hasData: false }
133 silly mapToRegistry name nan
134 silly mapToRegistry using default registry
135 silly mapToRegistry registry https://registry.npmjs.org/
136 silly mapToRegistry data Result {
136 silly mapToRegistry   raw: 'nan',
136 silly mapToRegistry   scope: null,
136 silly mapToRegistry   name: 'nan',
136 silly mapToRegistry   rawSpec: '',
136 silly mapToRegistry   spec: 'latest',
136 silly mapToRegistry   type: 'tag' }
137 silly mapToRegistry uri https://registry.npmjs.org/nan
138 verbose addNameRange registry:https://registry.npmjs.org/nan not in flight; fetching
139 verbose get https://registry.npmjs.org/nan not expired, no request
140 silly addNameRange number 2 { name: 'nan', range: '>=1.2.0 <1.3.0', hasData: true }
141 silly addNameRange versions [ 'nan',
141 silly addNameRange   [ '0.3.0-wip',
141 silly addNameRange     '0.3.0-wip2',
141 silly addNameRange     '0.3.0',
141 silly addNameRange     '0.3.1',
141 silly addNameRange     '0.3.2',
141 silly addNameRange     '0.4.0',
141 silly addNameRange     '0.4.1',
141 silly addNameRange     '0.4.2',
141 silly addNameRange     '0.4.3',
141 silly addNameRange     '0.4.4',
141 silly addNameRange     '0.5.0',
141 silly addNameRange     '0.5.1',
141 silly addNameRange     '0.5.2',
141 silly addNameRange     '0.6.0',
141 silly addNameRange     '0.7.0',
141 silly addNameRange     '0.7.1',
141 silly addNameRange     '0.8.0',
141 silly addNameRange     '1.0.0',
141 silly addNameRange     '1.1.0',
141 silly addNameRange     '1.1.1',
141 silly addNameRange     '1.1.2',
141 silly addNameRange     '1.2.0',
141 silly addNameRange     '1.3.0',
141 silly addNameRange     '1.4.0',
141 silly addNameRange     '1.4.1',
141 silly addNameRange     '1.5.0',
141 silly addNameRange     '1.4.2',
141 silly addNameRange     '1.4.3',
141 silly addNameRange     '1.5.1',
141 silly addNameRange     '1.5.2',
141 silly addNameRange     '1.6.0',
141 silly addNameRange     '1.5.3',
141 silly addNameRange     '1.6.1',
141 silly addNameRange     '1.6.2',
141 silly addNameRange     '1.7.0',
141 silly addNameRange     '1.8.0',
141 silly addNameRange     '1.8.1',
141 silly addNameRange     '1.8.2',
141 silly addNameRange     '1.8.3',
141 silly addNameRange     '1.8.4',
141 silly addNameRange     '1.9.0',
141 silly addNameRange     '2.0.0',
141 silly addNameRange     '2.0.1',
141 silly addNameRange     '2.0.2',
141 silly addNameRange     '2.0.3',
141 silly addNameRange     '2.0.4',
141 silly addNameRange     '2.0.5',
141 silly addNameRange     '2.0.6',
141 silly addNameRange     '2.0.7',
141 silly addNameRange     '2.0.8',
141 silly addNameRange     '2.0.9',
141 silly addNameRange     '2.1.0',
141 silly addNameRange     '2.2.0',
141 silly addNameRange     '2.2.1',
141 silly addNameRange     '2.3.0',
141 silly addNameRange     '2.3.1',
141 silly addNameRange     '2.3.2',
141 silly addNameRange     '2.3.3',
141 silly addNameRange     '2.3.4',
141 silly addNameRange     '2.3.5',
141 silly addNameRange     '2.4.0' ] ]
142 silly addNamed nan@1.2.0
143 verbose addNamed "1.2.0" is a plain semver version for nan
144 silly cache afterAdd nan@1.2.0
145 verbose afterAdd /Users/carlosbaraza/.npm/nan/1.2.0/package/package.json not in flight; writing
146 verbose correctMkdir /Users/carlosbaraza/.npm correctMkdir not in flight; initializing
147 verbose afterAdd /Users/carlosbaraza/.npm/nan/1.2.0/package/package.json written
148 http 304 https://registry.npmjs.org/node-arraybuffer
149 verbose headers { date: 'Sat, 16 Jul 2016 22:18:49 GMT',
149 verbose headers   via: '1.1 varnish',
149 verbose headers   'cache-control': 'max-age=300',
149 verbose headers   etag: '"65LHXV4P5ID5V08QTMGGJWAGX"',
149 verbose headers   age: '0',
149 verbose headers   connection: 'keep-alive',
149 verbose headers   'x-served-by': 'cache-lcy1126-LCY',
149 verbose headers   'x-cache': 'HIT',
149 verbose headers   'x-cache-hits': '1',
149 verbose headers   'x-timer': 'S1468707529.904038,VS0,VE708',
149 verbose headers   vary: 'Accept-Encoding' }
150 silly get cb [ 304,
150 silly get   { date: 'Sat, 16 Jul 2016 22:18:49 GMT',
150 silly get     via: '1.1 varnish',
150 silly get     'cache-control': 'max-age=300',
150 silly get     etag: '"65LHXV4P5ID5V08QTMGGJWAGX"',
150 silly get     age: '0',
150 silly get     connection: 'keep-alive',
150 silly get     'x-served-by': 'cache-lcy1126-LCY',
150 silly get     'x-cache': 'HIT',
150 silly get     'x-cache-hits': '1',
150 silly get     'x-timer': 'S1468707529.904038,VS0,VE708',
150 silly get     vary: 'Accept-Encoding' } ]
151 verbose etag https://registry.npmjs.org/node-arraybuffer from cache
152 verbose get saving node-arraybuffer to /Users/carlosbaraza/.npm/registry.npmjs.org/node-arraybuffer/.cache.json
153 verbose correctMkdir /Users/carlosbaraza/.npm correctMkdir not in flight; initializing
154 silly resolveWithNewModule node-arraybuffer@1.0.12 checking installable status
155 silly cache add args [ 'node-arraybuffer@^1.0.11', null ]
156 verbose cache add spec node-arraybuffer@^1.0.11
157 silly cache add parsed spec Result {
157 silly cache add   raw: 'node-arraybuffer@^1.0.11',
157 silly cache add   scope: null,
157 silly cache add   name: 'node-arraybuffer',
157 silly cache add   rawSpec: '^1.0.11',
157 silly cache add   spec: '>=1.0.11 <2.0.0',
157 silly cache add   type: 'range' }
158 silly addNamed node-arraybuffer@>=1.0.11 <2.0.0
159 verbose addNamed ">=1.0.11 <2.0.0" is a valid semver range for node-arraybuffer
160 silly addNameRange { name: 'node-arraybuffer',
160 silly addNameRange   range: '>=1.0.11 <2.0.0',
160 silly addNameRange   hasData: false }
161 silly mapToRegistry name node-arraybuffer
162 silly mapToRegistry using default registry
163 silly mapToRegistry registry https://registry.npmjs.org/
164 silly mapToRegistry data Result {
164 silly mapToRegistry   raw: 'node-arraybuffer',
164 silly mapToRegistry   scope: null,
164 silly mapToRegistry   name: 'node-arraybuffer',
164 silly mapToRegistry   rawSpec: '',
164 silly mapToRegistry   spec: 'latest',
164 silly mapToRegistry   type: 'tag' }
165 silly mapToRegistry uri https://registry.npmjs.org/node-arraybuffer
166 verbose addNameRange registry:https://registry.npmjs.org/node-arraybuffer not in flight; fetching
167 verbose get https://registry.npmjs.org/node-arraybuffer not expired, no request
168 silly addNameRange number 2 { name: 'node-arraybuffer',
168 silly addNameRange   range: '>=1.0.11 <2.0.0',
168 silly addNameRange   hasData: true }
169 silly addNameRange versions [ 'node-arraybuffer',
169 silly addNameRange   [ '1.0.0',
169 silly addNameRange     '1.0.1',
169 silly addNameRange     '1.0.2',
169 silly addNameRange     '1.0.3',
169 silly addNameRange     '1.0.4',
169 silly addNameRange     '1.0.5',
169 silly addNameRange     '1.0.6',
169 silly addNameRange     '1.0.7',
169 silly addNameRange     '1.0.8',
169 silly addNameRange     '1.0.9',
169 silly addNameRange     '1.0.10',
169 silly addNameRange     '1.0.11',
169 silly addNameRange     '1.0.12' ] ]
170 silly addNamed node-arraybuffer@1.0.12
171 verbose addNamed "1.0.12" is a plain semver version for node-arraybuffer
172 silly cache afterAdd node-arraybuffer@1.0.12
173 verbose afterAdd /Users/carlosbaraza/.npm/node-arraybuffer/1.0.12/package/package.json not in flight; writing
174 verbose correctMkdir /Users/carlosbaraza/.npm correctMkdir not in flight; initializing
175 verbose afterAdd /Users/carlosbaraza/.npm/node-arraybuffer/1.0.12/package/package.json written
176 silly loadAllDepsIntoIdealTree Finishing
177 silly idealTree:prePrune pokemon-go-node-api@1.1.1
177 silly idealTree:prePrune ├── ansi-regex@2.0.0
177 silly idealTree:prePrune ├── ansi-styles@2.2.1
177 silly idealTree:prePrune ├── ascli@1.0.0
177 silly idealTree:prePrune ├── asn1@0.2.3
177 silly idealTree:prePrune ├── assert-plus@0.2.0
177 silly idealTree:prePrune ├── async@1.5.2
177 silly idealTree:prePrune ├── aws-sign2@0.6.0
177 silly idealTree:prePrune ├── aws4@1.4.1
177 silly idealTree:prePrune ├── balanced-match@0.4.1
177 silly idealTree:prePrune ├── bindings@1.1.1
177 silly idealTree:prePrune ├── bl@1.1.2
177 silly idealTree:prePrune ├── boom@2.10.1
177 silly idealTree:prePrune ├── brace-expansion@1.1.5
177 silly idealTree:prePrune ├── bytebuffer@5.0.1
177 silly idealTree:prePrune ├── camelcase@2.1.1
177 silly idealTree:prePrune ├── caseless@0.11.0
177 silly idealTree:prePrune ├── chalk@1.1.3
177 silly idealTree:prePrune ├── cliui@3.2.0
177 silly idealTree:prePrune ├── code-point-at@1.0.0
177 silly idealTree:prePrune ├── colour@0.7.1
177 silly idealTree:prePrune ├── combined-stream@1.0.5
177 silly idealTree:prePrune ├── commander@2.9.0
177 silly idealTree:prePrune ├── concat-map@0.0.1
177 silly idealTree:prePrune ├── core-util-is@1.0.2
177 silly idealTree:prePrune ├── cryptiles@2.0.5
177 silly idealTree:prePrune ├─┬ dashdash@1.14.0
177 silly idealTree:prePrune │ └── assert-plus@1.0.0
177 silly idealTree:prePrune ├── decamelize@1.2.0
177 silly idealTree:prePrune ├── delayed-stream@1.0.0
177 silly idealTree:prePrune ├── ecc-jsbn@0.1.1
177 silly idealTree:prePrune ├── escape-string-regexp@1.0.5
177 silly idealTree:prePrune ├── events@1.1.1
177 silly idealTree:prePrune ├── extend@3.0.0
177 silly idealTree:prePrune ├── extsprintf@1.0.2
177 silly idealTree:prePrune ├── forever-agent@0.6.1
177 silly idealTree:prePrune ├── form-data@1.0.0-rc4
177 silly idealTree:prePrune ├── generate-function@2.0.0
177 silly idealTree:prePrune ├── generate-object-property@1.2.0
177 silly idealTree:prePrune ├─┬ geocoder@0.2.2
177 silly idealTree:prePrune │ └─┬ request@2.11.1
177 silly idealTree:prePrune │   ├─┬ form-data@0.0.3
177 silly idealTree:prePrune │   │ ├── async@0.1.9
177 silly idealTree:prePrune │   │ └─┬ combined-stream@0.0.3
177 silly idealTree:prePrune │   │   └── delayed-stream@0.0.5
177 silly idealTree:prePrune │   └── mime@1.2.7
177 silly idealTree:prePrune ├─┬ getpass@0.1.6
177 silly idealTree:prePrune │ └── assert-plus@1.0.0
177 silly idealTree:prePrune ├── glob@5.0.15
177 silly idealTree:prePrune ├── graceful-readlink@1.0.1
177 silly idealTree:prePrune ├── har-validator@2.0.6
177 silly idealTree:prePrune ├── has-ansi@2.0.0
177 silly idealTree:prePrune ├── hawk@3.1.3
177 silly idealTree:prePrune ├── hoek@2.16.3
177 silly idealTree:prePrune ├── http-signature@1.1.1
177 silly idealTree:prePrune ├── inflight@1.0.5
177 silly idealTree:prePrune ├── inherits@2.0.1
177 silly idealTree:prePrune ├── invert-kv@1.0.0
177 silly idealTree:prePrune ├── is-fullwidth-code-point@1.0.0
177 silly idealTree:prePrune ├── is-my-json-valid@2.13.1
177 silly idealTree:prePrune ├── is-property@1.0.2
177 silly idealTree:prePrune ├── is-typedarray@1.0.0
177 silly idealTree:prePrune ├── isarray@1.0.0
177 silly idealTree:prePrune ├── isstream@0.1.2
177 silly idealTree:prePrune ├── jodid25519@1.0.2
177 silly idealTree:prePrune ├── jsbn@0.1.0
177 silly idealTree:prePrune ├── json-schema@0.2.2
177 silly idealTree:prePrune ├── json-stringify-safe@5.0.1
177 silly idealTree:prePrune ├── jsonpointer@2.0.0
177 silly idealTree:prePrune ├── jsprim@1.3.0
177 silly idealTree:prePrune ├── lcid@1.0.0
177 silly idealTree:prePrune ├── long@3.1.0
177 silly idealTree:prePrune ├── memcpy@0.6.0
177 silly idealTree:prePrune ├── mime-db@1.23.0
177 silly idealTree:prePrune ├── mime-types@2.1.11
177 silly idealTree:prePrune ├── minimatch@3.0.2
177 silly idealTree:prePrune ├── nan@1.2.0
177 silly idealTree:prePrune ├── node-arraybuffer@1.0.12
177 silly idealTree:prePrune ├── node-uuid@1.4.7
177 silly idealTree:prePrune ├── number-is-nan@1.0.0
177 silly idealTree:prePrune ├── oauth-sign@0.8.2
177 silly idealTree:prePrune ├── once@1.3.3
177 silly idealTree:prePrune ├── optjs@3.2.2
177 silly idealTree:prePrune ├── os-locale@1.4.0
177 silly idealTree:prePrune ├── path-is-absolute@1.0.0
177 silly idealTree:prePrune ├── pinkie-promise@2.0.1
177 silly idealTree:prePrune ├── pinkie@2.0.4
177 silly idealTree:prePrune ├── process-nextick-args@1.0.7
177 silly idealTree:prePrune ├── protobufjs@5.0.1
177 silly idealTree:prePrune ├── qs@6.2.0
177 silly idealTree:prePrune ├── readable-stream@2.0.6
177 silly idealTree:prePrune ├── request@2.73.0
177 silly idealTree:prePrune ├── sax@1.2.1
177 silly idealTree:prePrune ├── sntp@1.0.9
177 silly idealTree:prePrune ├─┬ sshpk@1.8.3
177 silly idealTree:prePrune │ └── assert-plus@1.0.0
177 silly idealTree:prePrune ├── string_decoder@0.10.31
177 silly idealTree:prePrune ├── string-width@1.0.1
177 silly idealTree:prePrune ├── stringstream@0.0.5
177 silly idealTree:prePrune ├── strip-ansi@3.0.1
177 silly idealTree:prePrune ├── supports-color@2.0.0
177 silly idealTree:prePrune ├── tough-cookie@2.2.2
177 silly idealTree:prePrune ├── tunnel-agent@0.4.3
177 silly idealTree:prePrune ├── tweetnacl@0.13.3
177 silly idealTree:prePrune ├── underscore@1.3.3
177 silly idealTree:prePrune ├── util-deprecate@1.0.2
177 silly idealTree:prePrune ├── verror@1.3.6
177 silly idealTree:prePrune ├── window-size@0.1.4
177 silly idealTree:prePrune ├── wrap-ansi@2.0.0
177 silly idealTree:prePrune ├── wrappy@1.0.2
177 silly idealTree:prePrune ├── xml2js@0.2.0
177 silly idealTree:prePrune ├── xtend@4.0.1
177 silly idealTree:prePrune ├── y18n@3.2.1
177 silly idealTree:prePrune └── yargs@3.32.0
178 silly loadIdealTree Finishing
179 silly currentTree pokemon-go-node-api@1.1.1
179 silly currentTree ├── ansi-regex@2.0.0
179 silly currentTree ├── ansi-styles@2.2.1
179 silly currentTree ├── ascli@1.0.0
179 silly currentTree ├── asn1@0.2.3
179 silly currentTree ├── assert-plus@0.2.0
179 silly currentTree ├── async@1.5.2
179 silly currentTree ├── aws-sign2@0.6.0
179 silly currentTree ├── aws4@1.4.1
179 silly currentTree ├── balanced-match@0.4.1
179 silly currentTree ├── bl@1.1.2
179 silly currentTree ├── boom@2.10.1
179 silly currentTree ├── brace-expansion@1.1.5
179 silly currentTree ├── bytebuffer@5.0.1
179 silly currentTree ├── camelcase@2.1.1
179 silly currentTree ├── caseless@0.11.0
179 silly currentTree ├── chalk@1.1.3
179 silly currentTree ├── cliui@3.2.0
179 silly currentTree ├── code-point-at@1.0.0
179 silly currentTree ├── colour@0.7.1
179 silly currentTree ├── combined-stream@1.0.5
179 silly currentTree ├── commander@2.9.0
179 silly currentTree ├── concat-map@0.0.1
179 silly currentTree ├── core-util-is@1.0.2
179 silly currentTree ├── cryptiles@2.0.5
179 silly currentTree ├─┬ dashdash@1.14.0
179 silly currentTree │ └── assert-plus@1.0.0
179 silly currentTree ├── decamelize@1.2.0
179 silly currentTree ├── delayed-stream@1.0.0
179 silly currentTree ├── ecc-jsbn@0.1.1
179 silly currentTree ├── escape-string-regexp@1.0.5
179 silly currentTree ├── events@1.1.1
179 silly currentTree ├── extend@3.0.0
179 silly currentTree ├── extsprintf@1.0.2
179 silly currentTree ├── forever-agent@0.6.1
179 silly currentTree ├── form-data@1.0.0-rc4
179 silly currentTree ├── generate-function@2.0.0
179 silly currentTree ├── generate-object-property@1.2.0
179 silly currentTree ├─┬ geocoder@0.2.2
179 silly currentTree │ └─┬ request@2.11.1
179 silly currentTree │   ├─┬ form-data@0.0.3
179 silly currentTree │   │ ├── async@0.1.9
179 silly currentTree │   │ └─┬ combined-stream@0.0.3
179 silly currentTree │   │   └── delayed-stream@0.0.5
179 silly currentTree │   └── mime@1.2.7
179 silly currentTree ├─┬ getpass@0.1.6
179 silly currentTree │ └── assert-plus@1.0.0
179 silly currentTree ├── glob@5.0.15
179 silly currentTree ├── graceful-readlink@1.0.1
179 silly currentTree ├── har-validator@2.0.6
179 silly currentTree ├── has-ansi@2.0.0
179 silly currentTree ├── hawk@3.1.3
179 silly currentTree ├── hoek@2.16.3
179 silly currentTree ├── http-signature@1.1.1
179 silly currentTree ├── inflight@1.0.5
179 silly currentTree ├── inherits@2.0.1
179 silly currentTree ├── invert-kv@1.0.0
179 silly currentTree ├── is-fullwidth-code-point@1.0.0
179 silly currentTree ├── is-my-json-valid@2.13.1
179 silly currentTree ├── is-property@1.0.2
179 silly currentTree ├── is-typedarray@1.0.0
179 silly currentTree ├── isarray@1.0.0
179 silly currentTree ├── isstream@0.1.2
179 silly currentTree ├── jodid25519@1.0.2
179 silly currentTree ├── jsbn@0.1.0
179 silly currentTree ├── json-schema@0.2.2
179 silly currentTree ├── json-stringify-safe@5.0.1
179 silly currentTree ├── jsonpointer@2.0.0
179 silly currentTree ├── jsprim@1.3.0
179 silly currentTree ├── lcid@1.0.0
179 silly currentTree ├── long@3.1.0
179 silly currentTree ├── mime-db@1.23.0
179 silly currentTree ├── mime-types@2.1.11
179 silly currentTree ├── minimatch@3.0.2
179 silly currentTree ├── node-uuid@1.4.7
179 silly currentTree ├── number-is-nan@1.0.0
179 silly currentTree ├── oauth-sign@0.8.2
179 silly currentTree ├── once@1.3.3
179 silly currentTree ├── optjs@3.2.2
179 silly currentTree ├── os-locale@1.4.0
179 silly currentTree ├── path-is-absolute@1.0.0
179 silly currentTree ├── pinkie-promise@2.0.1
179 silly currentTree ├── pinkie@2.0.4
179 silly currentTree ├── process-nextick-args@1.0.7
179 silly currentTree ├── protobufjs@5.0.1
179 silly currentTree ├── qs@6.2.0
179 silly currentTree ├── readable-stream@2.0.6
179 silly currentTree ├── request@2.73.0
179 silly currentTree ├── sax@1.2.1
179 silly currentTree ├── sntp@1.0.9
179 silly currentTree ├─┬ sshpk@1.8.3
179 silly currentTree │ └── assert-plus@1.0.0
179 silly currentTree ├── string_decoder@0.10.31
179 silly currentTree ├── string-width@1.0.1
179 silly currentTree ├── stringstream@0.0.5
179 silly currentTree ├── strip-ansi@3.0.1
179 silly currentTree ├── supports-color@2.0.0
179 silly currentTree ├── tough-cookie@2.2.2
179 silly currentTree ├── tunnel-agent@0.4.3
179 silly currentTree ├── tweetnacl@0.13.3
179 silly currentTree ├── underscore@1.3.3
179 silly currentTree ├── util-deprecate@1.0.2
179 silly currentTree ├── verror@1.3.6
179 silly currentTree ├── window-size@0.1.4
179 silly currentTree ├── wrap-ansi@2.0.0
179 silly currentTree ├── wrappy@1.0.2
179 silly currentTree ├── xml2js@0.2.0
179 silly currentTree ├── xtend@4.0.1
179 silly currentTree ├── y18n@3.2.1
179 silly currentTree └── yargs@3.32.0
180 silly idealTree pokemon-go-node-api@1.1.1
180 silly idealTree ├── ansi-regex@2.0.0
180 silly idealTree ├── ansi-styles@2.2.1
180 silly idealTree ├── ascli@1.0.0
180 silly idealTree ├── asn1@0.2.3
180 silly idealTree ├── assert-plus@0.2.0
180 silly idealTree ├── async@1.5.2
180 silly idealTree ├── aws-sign2@0.6.0
180 silly idealTree ├── aws4@1.4.1
180 silly idealTree ├── balanced-match@0.4.1
180 silly idealTree ├── bindings@1.1.1
180 silly idealTree ├── bl@1.1.2
180 silly idealTree ├── boom@2.10.1
180 silly idealTree ├── brace-expansion@1.1.5
180 silly idealTree ├── bytebuffer@5.0.1
180 silly idealTree ├── camelcase@2.1.1
180 silly idealTree ├── caseless@0.11.0
180 silly idealTree ├── chalk@1.1.3
180 silly idealTree ├── cliui@3.2.0
180 silly idealTree ├── code-point-at@1.0.0
180 silly idealTree ├── colour@0.7.1
180 silly idealTree ├── combined-stream@1.0.5
180 silly idealTree ├── commander@2.9.0
180 silly idealTree ├── concat-map@0.0.1
180 silly idealTree ├── core-util-is@1.0.2
180 silly idealTree ├── cryptiles@2.0.5
180 silly idealTree ├─┬ dashdash@1.14.0
180 silly idealTree │ └── assert-plus@1.0.0
180 silly idealTree ├── decamelize@1.2.0
180 silly idealTree ├── delayed-stream@1.0.0
180 silly idealTree ├── ecc-jsbn@0.1.1
180 silly idealTree ├── escape-string-regexp@1.0.5
180 silly idealTree ├── events@1.1.1
180 silly idealTree ├── extend@3.0.0
180 silly idealTree ├── extsprintf@1.0.2
180 silly idealTree ├── forever-agent@0.6.1
180 silly idealTree ├── form-data@1.0.0-rc4
180 silly idealTree ├── generate-function@2.0.0
180 silly idealTree ├── generate-object-property@1.2.0
180 silly idealTree ├─┬ geocoder@0.2.2
180 silly idealTree │ └─┬ request@2.11.1
180 silly idealTree │   ├─┬ form-data@0.0.3
180 silly idealTree │   │ ├── async@0.1.9
180 silly idealTree │   │ └─┬ combined-stream@0.0.3
180 silly idealTree │   │   └── delayed-stream@0.0.5
180 silly idealTree │   └── mime@1.2.7
180 silly idealTree ├─┬ getpass@0.1.6
180 silly idealTree │ └── assert-plus@1.0.0
180 silly idealTree ├── glob@5.0.15
180 silly idealTree ├── graceful-readlink@1.0.1
180 silly idealTree ├── har-validator@2.0.6
180 silly idealTree ├── has-ansi@2.0.0
180 silly idealTree ├── hawk@3.1.3
180 silly idealTree ├── hoek@2.16.3
180 silly idealTree ├── http-signature@1.1.1
180 silly idealTree ├── inflight@1.0.5
180 silly idealTree ├── inherits@2.0.1
180 silly idealTree ├── invert-kv@1.0.0
180 silly idealTree ├── is-fullwidth-code-point@1.0.0
180 silly idealTree ├── is-my-json-valid@2.13.1
180 silly idealTree ├── is-property@1.0.2
180 silly idealTree ├── is-typedarray@1.0.0
180 silly idealTree ├── isarray@1.0.0
180 silly idealTree ├── isstream@0.1.2
180 silly idealTree ├── jodid25519@1.0.2
180 silly idealTree ├── jsbn@0.1.0
180 silly idealTree ├── json-schema@0.2.2
180 silly idealTree ├── json-stringify-safe@5.0.1
180 silly idealTree ├── jsonpointer@2.0.0
180 silly idealTree ├── jsprim@1.3.0
180 silly idealTree ├── lcid@1.0.0
180 silly idealTree ├── long@3.1.0
180 silly idealTree ├── memcpy@0.6.0
180 silly idealTree ├── mime-db@1.23.0
180 silly idealTree ├── mime-types@2.1.11
180 silly idealTree ├── minimatch@3.0.2
180 silly idealTree ├── nan@1.2.0
180 silly idealTree ├── node-arraybuffer@1.0.12
180 silly idealTree ├── node-uuid@1.4.7
180 silly idealTree ├── number-is-nan@1.0.0
180 silly idealTree ├── oauth-sign@0.8.2
180 silly idealTree ├── once@1.3.3
180 silly idealTree ├── optjs@3.2.2
180 silly idealTree ├── os-locale@1.4.0
180 silly idealTree ├── path-is-absolute@1.0.0
180 silly idealTree ├── pinkie-promise@2.0.1
180 silly idealTree ├── pinkie@2.0.4
180 silly idealTree ├── process-nextick-args@1.0.7
180 silly idealTree ├── protobufjs@5.0.1
180 silly idealTree ├── qs@6.2.0
180 silly idealTree ├── readable-stream@2.0.6
180 silly idealTree ├── request@2.73.0
180 silly idealTree ├── sax@1.2.1
180 silly idealTree ├── sntp@1.0.9
180 silly idealTree ├─┬ sshpk@1.8.3
180 silly idealTree │ └── assert-plus@1.0.0
180 silly idealTree ├── string_decoder@0.10.31
180 silly idealTree ├── string-width@1.0.1
180 silly idealTree ├── stringstream@0.0.5
180 silly idealTree ├── strip-ansi@3.0.1
180 silly idealTree ├── supports-color@2.0.0
180 silly idealTree ├── tough-cookie@2.2.2
180 silly idealTree ├── tunnel-agent@0.4.3
180 silly idealTree ├── tweetnacl@0.13.3
180 silly idealTree ├── underscore@1.3.3
180 silly idealTree ├── util-deprecate@1.0.2
180 silly idealTree ├── verror@1.3.6
180 silly idealTree ├── window-size@0.1.4
180 silly idealTree ├── wrap-ansi@2.0.0
180 silly idealTree ├── wrappy@1.0.2
180 silly idealTree ├── xml2js@0.2.0
180 silly idealTree ├── xtend@4.0.1
180 silly idealTree ├── y18n@3.2.1
180 silly idealTree └── yargs@3.32.0
181 silly generateActionsToTake Starting
182 silly install generateActionsToTake
183 silly generateActionsToTake Finishing
184 silly diffTrees action count 4
185 silly diffTrees add bindings@1.1.1
186 silly diffTrees add nan@1.2.0
187 silly diffTrees add node-arraybuffer@1.0.12
188 silly diffTrees add memcpy@0.6.0
189 silly decomposeActions action count 32
190 silly decomposeActions fetch bindings@1.1.1
191 silly decomposeActions extract bindings@1.1.1
192 silly decomposeActions test bindings@1.1.1
193 silly decomposeActions preinstall bindings@1.1.1
194 silly decomposeActions build bindings@1.1.1
195 silly decomposeActions install bindings@1.1.1
196 silly decomposeActions postinstall bindings@1.1.1
197 silly decomposeActions finalize bindings@1.1.1
198 silly decomposeActions fetch nan@1.2.0
199 silly decomposeActions extract nan@1.2.0
200 silly decomposeActions test nan@1.2.0
201 silly decomposeActions preinstall nan@1.2.0
202 silly decomposeActions build nan@1.2.0
203 silly decomposeActions install nan@1.2.0
204 silly decomposeActions postinstall nan@1.2.0
205 silly decomposeActions finalize nan@1.2.0
206 silly decomposeActions fetch node-arraybuffer@1.0.12
207 silly decomposeActions extract node-arraybuffer@1.0.12
208 silly decomposeActions test node-arraybuffer@1.0.12
209 silly decomposeActions preinstall node-arraybuffer@1.0.12
210 silly decomposeActions build node-arraybuffer@1.0.12
211 silly decomposeActions install node-arraybuffer@1.0.12
212 silly decomposeActions postinstall node-arraybuffer@1.0.12
213 silly decomposeActions finalize node-arraybuffer@1.0.12
214 silly decomposeActions fetch memcpy@0.6.0
215 silly decomposeActions extract memcpy@0.6.0
216 silly decomposeActions test memcpy@0.6.0
217 silly decomposeActions preinstall memcpy@0.6.0
218 silly decomposeActions build memcpy@0.6.0
219 silly decomposeActions install memcpy@0.6.0
220 silly decomposeActions postinstall memcpy@0.6.0
221 silly decomposeActions finalize memcpy@0.6.0
222 silly executeActions Starting
223 silly install executeActions
224 silly doSerial global-install 0
225 silly doParallel fetch 4
226 verbose correctMkdir /Users/carlosbaraza/.npm/_locks correctMkdir not in flight; initializing
227 verbose lock using /Users/carlosbaraza/.npm/_locks/staging-2ec2e82bedbba51b.lock for /Users/carlosbaraza/dev/Pokemon-GO-node-api/node_modules/.staging
228 silly doParallel extract 4
229 silly extract bindings@1.1.1
230 silly extract nan@1.2.0
231 silly extract node-arraybuffer@1.0.12
232 silly extract memcpy@0.6.0
233 verbose unbuild node_modules/.staging/bindings-fc6b9326
234 verbose unbuild node_modules/.staging/nan-558debc8
235 verbose unbuild node_modules/.staging/node-arraybuffer-99d602db
236 verbose unbuild node_modules/.staging/memcpy-0cb63c7e
237 silly gentlyRm /Users/carlosbaraza/dev/Pokemon-GO-node-api/node_modules/.staging/bindings-fc6b9326 is being purged from base /Users/carlosbaraza/dev/Pokemon-GO-node-api
238 verbose gentlyRm don't care about contents; nuking /Users/carlosbaraza/dev/Pokemon-GO-node-api/node_modules/.staging/bindings-fc6b9326
239 silly gentlyRm /Users/carlosbaraza/dev/Pokemon-GO-node-api/node_modules/.staging/nan-558debc8 is being purged from base /Users/carlosbaraza/dev/Pokemon-GO-node-api
240 verbose gentlyRm don't care about contents; nuking /Users/carlosbaraza/dev/Pokemon-GO-node-api/node_modules/.staging/nan-558debc8
241 silly gentlyRm /Users/carlosbaraza/dev/Pokemon-GO-node-api/node_modules/.staging/node-arraybuffer-99d602db is being purged from base /Users/carlosbaraza/dev/Pokemon-GO-node-api
242 verbose gentlyRm don't care about contents; nuking /Users/carlosbaraza/dev/Pokemon-GO-node-api/node_modules/.staging/node-arraybuffer-99d602db
243 silly gentlyRm /Users/carlosbaraza/dev/Pokemon-GO-node-api/node_modules/.staging/memcpy-0cb63c7e is being purged from base /Users/carlosbaraza/dev/Pokemon-GO-node-api
244 verbose gentlyRm don't care about contents; nuking /Users/carlosbaraza/dev/Pokemon-GO-node-api/node_modules/.staging/memcpy-0cb63c7e
245 verbose tar unpack /Users/carlosbaraza/.npm/bindings/1.1.1/package.tgz
246 verbose tar unpacking to /Users/carlosbaraza/dev/Pokemon-GO-node-api/node_modules/.staging/bindings-fc6b9326
247 silly gentlyRm /Users/carlosbaraza/dev/Pokemon-GO-node-api/node_modules/.staging/bindings-fc6b9326 is being purged
248 verbose gentlyRm don't care about contents; nuking /Users/carlosbaraza/dev/Pokemon-GO-node-api/node_modules/.staging/bindings-fc6b9326
249 verbose tar unpack /Users/carlosbaraza/.npm/nan/1.2.0/package.tgz
250 verbose tar unpacking to /Users/carlosbaraza/dev/Pokemon-GO-node-api/node_modules/.staging/nan-558debc8
251 silly gentlyRm /Users/carlosbaraza/dev/Pokemon-GO-node-api/node_modules/.staging/nan-558debc8 is being purged
252 verbose gentlyRm don't care about contents; nuking /Users/carlosbaraza/dev/Pokemon-GO-node-api/node_modules/.staging/nan-558debc8
253 verbose tar unpack /Users/carlosbaraza/.npm/node-arraybuffer/1.0.12/package.tgz
254 verbose tar unpacking to /Users/carlosbaraza/dev/Pokemon-GO-node-api/node_modules/.staging/node-arraybuffer-99d602db
255 silly gentlyRm /Users/carlosbaraza/dev/Pokemon-GO-node-api/node_modules/.staging/node-arraybuffer-99d602db is being purged
256 verbose gentlyRm don't care about contents; nuking /Users/carlosbaraza/dev/Pokemon-GO-node-api/node_modules/.staging/node-arraybuffer-99d602db
257 verbose tar unpack /Users/carlosbaraza/.npm/memcpy/0.6.0/package.tgz
258 verbose tar unpacking to /Users/carlosbaraza/dev/Pokemon-GO-node-api/node_modules/.staging/memcpy-0cb63c7e
259 silly gentlyRm /Users/carlosbaraza/dev/Pokemon-GO-node-api/node_modules/.staging/memcpy-0cb63c7e is being purged
260 verbose gentlyRm don't care about contents; nuking /Users/carlosbaraza/dev/Pokemon-GO-node-api/node_modules/.staging/memcpy-0cb63c7e
261 silly gunzTarPerm modes [ '755', '644' ]
262 silly gunzTarPerm modes [ '755', '644' ]
263 silly gunzTarPerm modes [ '755', '644' ]
264 silly gunzTarPerm modes [ '755', '644' ]
265 silly gunzTarPerm extractEntry package.json
266 silly gunzTarPerm extractEntry package.json
267 silly gunzTarPerm extractEntry package.json
268 silly gunzTarPerm modified mode [ 'package.json', 438, 420 ]
269 silly gunzTarPerm extractEntry package.json
270 silly gunzTarPerm modified mode [ 'package.json', 438, 420 ]
271 silly gunzTarPerm extractEntry README.md
272 silly gunzTarPerm extractEntry README.md
273 silly gunzTarPerm extractEntry bindings.js
274 silly gunzTarPerm extractEntry .npmignore
275 silly gunzTarPerm modified mode [ '.npmignore', 438, 420 ]
276 silly gunzTarPerm extractEntry README.md
277 silly gunzTarPerm modified mode [ 'README.md', 438, 420 ]
278 silly gunzTarPerm extractEntry LICENSE
279 silly gunzTarPerm extractEntry .npmignore
280 silly gunzTarPerm modified mode [ '.npmignore', 438, 420 ]
281 silly gunzTarPerm extractEntry README.md
282 silly gunzTarPerm modified mode [ 'README.md', 438, 420 ]
283 silly gunzTarPerm extractEntry LICENSE
284 silly gunzTarPerm modified mode [ 'LICENSE', 438, 420 ]
285 silly gunzTarPerm extractEntry index.js
286 silly gunzTarPerm modified mode [ 'index.js', 438, 420 ]
287 silly gunzTarPerm extractEntry include_dirs.js
288 silly gunzTarPerm extractEntry .dntrc
289 silly gunzTarPerm extractEntry build/config.gypi
290 silly gunzTarPerm extractEntry LICENSE
291 silly gunzTarPerm modified mode [ 'LICENSE', 438, 420 ]
292 silly gunzTarPerm extractEntry index.js
293 silly gunzTarPerm modified mode [ 'index.js', 438, 420 ]
294 silly gunzTarPerm extractEntry src/memcpy.js
295 silly gunzTarPerm modified mode [ 'src/memcpy.js', 438, 420 ]
296 silly gunzTarPerm extractEntry src/memcpy.cc
297 silly gunzTarPerm modified mode [ 'src/memcpy.cc', 438, 420 ]
298 silly gunzTarPerm extractEntry src/memcpy.h
299 silly gunzTarPerm modified mode [ 'src/memcpy.h', 438, 420 ]
300 silly gunzTarPerm extractEntry binding.gyp
301 silly gunzTarPerm modified mode [ 'binding.gyp', 438, 420 ]
302 silly gunzTarPerm extractEntry tests/suite.js
303 silly gunzTarPerm modified mode [ 'tests/suite.js', 438, 420 ]
304 silly gunzTarPerm extractEntry nan.h
305 silly gunzTarPerm extractEntry ArrayBuffer.h
306 silly gunzTarPerm modified mode [ 'ArrayBuffer.h', 438, 420 ]
307 silly gentlyRm /Users/carlosbaraza/dev/Pokemon-GO-node-api/node_modules/.staging/bindings-fc6b9326/node_modules is being purged
308 verbose gentlyRm don't care about contents; nuking /Users/carlosbaraza/dev/Pokemon-GO-node-api/node_modules/.staging/bindings-fc6b9326/node_modules
309 silly gentlyRm /Users/carlosbaraza/dev/Pokemon-GO-node-api/node_modules/.staging/node-arraybuffer-99d602db/node_modules is being purged
310 verbose gentlyRm don't care about contents; nuking /Users/carlosbaraza/dev/Pokemon-GO-node-api/node_modules/.staging/node-arraybuffer-99d602db/node_modules
311 silly gentlyRm /Users/carlosbaraza/dev/Pokemon-GO-node-api/node_modules/.staging/nan-558debc8/node_modules is being purged
312 verbose gentlyRm don't care about contents; nuking /Users/carlosbaraza/dev/Pokemon-GO-node-api/node_modules/.staging/nan-558debc8/node_modules
313 silly gentlyRm /Users/carlosbaraza/dev/Pokemon-GO-node-api/node_modules/.staging/memcpy-0cb63c7e/node_modules is being purged
314 verbose gentlyRm don't care about contents; nuking /Users/carlosbaraza/dev/Pokemon-GO-node-api/node_modules/.staging/memcpy-0cb63c7e/node_modules
315 silly doParallel preinstall 4
316 silly preinstall bindings@1.1.1 /Users/carlosbaraza/dev/Pokemon-GO-node-api/node_modules/.staging/bindings-fc6b9326
317 info lifecycle bindings@1.1.1~preinstall: bindings@1.1.1
318 silly preinstall nan@1.2.0 /Users/carlosbaraza/dev/Pokemon-GO-node-api/node_modules/.staging/nan-558debc8
319 info lifecycle nan@1.2.0~preinstall: nan@1.2.0
320 silly preinstall node-arraybuffer@1.0.12 /Users/carlosbaraza/dev/Pokemon-GO-node-api/node_modules/.staging/node-arraybuffer-99d602db
321 info lifecycle node-arraybuffer@1.0.12~preinstall: node-arraybuffer@1.0.12
322 silly preinstall memcpy@0.6.0 /Users/carlosbaraza/dev/Pokemon-GO-node-api/node_modules/.staging/memcpy-0cb63c7e
323 info lifecycle memcpy@0.6.0~preinstall: memcpy@0.6.0
324 silly lifecycle bindings@1.1.1~preinstall: no script for preinstall, continuing
325 silly lifecycle nan@1.2.0~preinstall: no script for preinstall, continuing
326 silly lifecycle node-arraybuffer@1.0.12~preinstall: no script for preinstall, continuing
327 silly lifecycle memcpy@0.6.0~preinstall: no script for preinstall, continuing
328 silly doReverseSerial remove 0
329 silly doSerial move 0
330 silly doSerial finalize 4
331 silly finalize /Users/carlosbaraza/dev/Pokemon-GO-node-api/node_modules/bindings
332 silly finalize /Users/carlosbaraza/dev/Pokemon-GO-node-api/node_modules/nan
333 silly finalize /Users/carlosbaraza/dev/Pokemon-GO-node-api/node_modules/node-arraybuffer
334 silly finalize /Users/carlosbaraza/dev/Pokemon-GO-node-api/node_modules/memcpy
335 silly doSerial build 4
336 silly build bindings@1.1.1
337 info linkStuff bindings@1.1.1
338 silly linkStuff bindings@1.1.1 has /Users/carlosbaraza/dev/Pokemon-GO-node-api/node_modules as its parent node_modules
339 verbose linkBins bindings@1.1.1
340 verbose linkMans bindings@1.1.1
341 silly build nan@1.2.0
342 info linkStuff nan@1.2.0
343 silly linkStuff nan@1.2.0 has /Users/carlosbaraza/dev/Pokemon-GO-node-api/node_modules as its parent node_modules
344 verbose linkBins nan@1.2.0
345 verbose linkMans nan@1.2.0
346 silly build node-arraybuffer@1.0.12
347 info linkStuff node-arraybuffer@1.0.12
348 silly linkStuff node-arraybuffer@1.0.12 has /Users/carlosbaraza/dev/Pokemon-GO-node-api/node_modules as its parent node_modules
349 verbose linkBins node-arraybuffer@1.0.12
350 verbose linkMans node-arraybuffer@1.0.12
351 silly build memcpy@0.6.0
352 info linkStuff memcpy@0.6.0
353 silly linkStuff memcpy@0.6.0 has /Users/carlosbaraza/dev/Pokemon-GO-node-api/node_modules as its parent node_modules
354 verbose linkBins memcpy@0.6.0
355 verbose linkMans memcpy@0.6.0
356 silly doSerial global-link 0
357 silly doParallel update-linked 0
358 silly doSerial install 4
359 silly install bindings@1.1.1 /Users/carlosbaraza/dev/Pokemon-GO-node-api/node_modules/.staging/bindings-fc6b9326
360 info lifecycle bindings@1.1.1~install: bindings@1.1.1
361 silly lifecycle bindings@1.1.1~install: no script for install, continuing
362 silly install nan@1.2.0 /Users/carlosbaraza/dev/Pokemon-GO-node-api/node_modules/.staging/nan-558debc8
363 info lifecycle nan@1.2.0~install: nan@1.2.0
364 silly lifecycle nan@1.2.0~install: no script for install, continuing
365 silly install node-arraybuffer@1.0.12 /Users/carlosbaraza/dev/Pokemon-GO-node-api/node_modules/.staging/node-arraybuffer-99d602db
366 info lifecycle node-arraybuffer@1.0.12~install: node-arraybuffer@1.0.12
367 silly lifecycle node-arraybuffer@1.0.12~install: no script for install, continuing
368 silly install memcpy@0.6.0 /Users/carlosbaraza/dev/Pokemon-GO-node-api/node_modules/.staging/memcpy-0cb63c7e
369 info lifecycle memcpy@0.6.0~install: memcpy@0.6.0
370 verbose lifecycle memcpy@0.6.0~install: unsafe-perm in lifecycle true
371 verbose lifecycle memcpy@0.6.0~install: PATH: /usr/local/lib/node_modules/npm/bin/node-gyp-bin:/Users/carlosbaraza/dev/Pokemon-GO-node-api/node_modules/memcpy/node_modules/.bin:/Users/carlosbaraza/dev/Pokemon-GO-node-api/node_modules/.bin:/usr/local/Cellar/node/6.2.2/bin:/usr/local/bin:/usr/bin:/bin:/usr/sbin:/sbin:/usr/local/opt/go/libexec/bin:/Users/carlosbaraza/Qt/5.5/clang_64/bin:/usr/local/lib/node_modules:./node_modules/.bin
372 verbose lifecycle memcpy@0.6.0~install: CWD: /Users/carlosbaraza/dev/Pokemon-GO-node-api/node_modules/memcpy
373 silly lifecycle memcpy@0.6.0~install: Args: [ '-c', 'node-gyp configure build' ]
374 silly lifecycle memcpy@0.6.0~install: Returned: code: 1  signal: null
375 info lifecycle memcpy@0.6.0~install: Failed to exec install script
376 verbose unlock done using /Users/carlosbaraza/.npm/_locks/staging-2ec2e82bedbba51b.lock for /Users/carlosbaraza/dev/Pokemon-GO-node-api/node_modules/.staging
377 silly rollbackFailedOptional Starting
378 silly rollbackFailedOptional Finishing
379 silly runTopLevelLifecycles Starting
380 silly runTopLevelLifecycles Finishing
381 silly install printInstalled
382 verbose stack Error: memcpy@0.6.0 install: `node-gyp configure build`
382 verbose stack Exit status 1
382 verbose stack     at EventEmitter.<anonymous> (/usr/local/lib/node_modules/npm/lib/utils/lifecycle.js:245:16)
382 verbose stack     at emitTwo (events.js:106:13)
382 verbose stack     at EventEmitter.emit (events.js:191:7)
382 verbose stack     at ChildProcess.<anonymous> (/usr/local/lib/node_modules/npm/lib/utils/spawn.js:24:14)
382 verbose stack     at emitTwo (events.js:106:13)
382 verbose stack     at ChildProcess.emit (events.js:191:7)
382 verbose stack     at maybeClose (internal/child_process.js:852:16)
382 verbose stack     at Process.ChildProcess._handle.onexit (internal/child_process.js:215:5)
383 verbose pkgid memcpy@0.6.0
384 verbose cwd /Users/carlosbaraza/dev/Pokemon-GO-node-api
385 error Darwin 15.5.0
386 error argv "/usr/local/Cellar/node/6.2.2/bin/node" "/usr/local/bin/npm" "install" "--save" "memcpy"
387 error node v6.2.2
388 error npm  v3.9.5
389 error code ELIFECYCLE
390 error memcpy@0.6.0 install: `node-gyp configure build`
390 error Exit status 1
391 error Failed at the memcpy@0.6.0 install script 'node-gyp configure build'.
391 error Make sure you have the latest version of node.js and npm installed.
391 error If you do, this is most likely a problem with the memcpy package,
391 error not with npm itself.
391 error Tell the author that this fails on your system:
391 error     node-gyp configure build
391 error You can get information on how to open an issue for this project with:
391 error     npm bugs memcpy
391 error Or if that isn't available, you can get their info via:
391 error     npm owner ls memcpy
391 error There is likely additional logging output above.
392 verbose exit [ 1, true ]
